<?xml version="1.0" encoding="UTF-8"?>
<testsuites>
  <testsuite name="Application Test Suite" tests="17" assertions="51" errors="0" failures="0" skipped="0" time="0.242044">
    <testsuite name="Hoyvoy\Tests\LocalizeTest" file="/Users/mario/Documents/webs/laravel-subdomain-localization/tests/LocalizeTest.php" tests="11" assertions="37" errors="0" failures="0" skipped="0" time="0.175766">
      <testcase name="testItReturnsTheAvailableLocales" class="Hoyvoy\Tests\LocalizeTest" classname="Hoyvoy.Tests.LocalizeTest" file="/Users/mario/Documents/webs/laravel-subdomain-localization/tests/LocalizeTest.php" line="44" assertions="1" time="0.067233"/>
      <testcase name="testItDoesNotRedirectANonLocalizedRoute" class="Hoyvoy\Tests\LocalizeTest" classname="Hoyvoy.Tests.LocalizeTest" file="/Users/mario/Documents/webs/laravel-subdomain-localization/tests/LocalizeTest.php" line="58" assertions="1" time="0.029756"/>
      <testcase name="testItDoesNotRedirectIfLocaleIsNotMissing" class="Hoyvoy\Tests\LocalizeTest" classname="Hoyvoy.Tests.LocalizeTest" file="/Users/mario/Documents/webs/laravel-subdomain-localization/tests/LocalizeTest.php" line="70" assertions="3" time="0.010889"/>
      <testcase name="testItDetectsAndSetsTheLocaleFromTheUrl" class="Hoyvoy\Tests\LocalizeTest" classname="Hoyvoy.Tests.LocalizeTest" file="/Users/mario/Documents/webs/laravel-subdomain-localization/tests/LocalizeTest.php" line="86" assertions="3" time="0.009657"/>
      <testcase name="testItDetectsAndSetsTheLocaleFromTheCookies" class="Hoyvoy\Tests\LocalizeTest" classname="Hoyvoy.Tests.LocalizeTest" file="/Users/mario/Documents/webs/laravel-subdomain-localization/tests/LocalizeTest.php" line="102" assertions="5" time="0.009433"/>
      <testcase name="testItIgnoresCookiesWhenCookieLocalizationIsDisabled" class="Hoyvoy\Tests\LocalizeTest" classname="Hoyvoy.Tests.LocalizeTest" file="/Users/mario/Documents/webs/laravel-subdomain-localization/tests/LocalizeTest.php" line="120" assertions="5" time="0.008425"/>
      <testcase name="testItDetectsAndSetsTheLocaleFromTheBrowser" class="Hoyvoy\Tests\LocalizeTest" classname="Hoyvoy.Tests.LocalizeTest" file="/Users/mario/Documents/webs/laravel-subdomain-localization/tests/LocalizeTest.php" line="141" assertions="5" time="0.008079"/>
      <testcase name="testItIgnoresBrowserSettingsWhenBrowserLocalizationIsDisabled" class="Hoyvoy\Tests\LocalizeTest" classname="Hoyvoy.Tests.LocalizeTest" file="/Users/mario/Documents/webs/laravel-subdomain-localization/tests/LocalizeTest.php" line="159" assertions="5" time="0.007843"/>
      <testcase name="testItDetectsAndSetsTheLocaleFromTheConfig" class="Hoyvoy\Tests\LocalizeTest" classname="Hoyvoy.Tests.LocalizeTest" file="/Users/mario/Documents/webs/laravel-subdomain-localization/tests/LocalizeTest.php" line="180" assertions="5" time="0.008374"/>
      <testcase name="testItRespondsWithTheCookieLocale" class="Hoyvoy\Tests\LocalizeTest" classname="Hoyvoy.Tests.LocalizeTest" file="/Users/mario/Documents/webs/laravel-subdomain-localization/tests/LocalizeTest.php" line="198" assertions="2" time="0.008737"/>
      <testcase name="testItDoesNotRespondWithTheCookieLocaleWhenCookieLocalizationIsDisabled" class="Hoyvoy\Tests\LocalizeTest" classname="Hoyvoy.Tests.LocalizeTest" file="/Users/mario/Documents/webs/laravel-subdomain-localization/tests/LocalizeTest.php" line="211" assertions="2" time="0.007340"/>
    </testsuite>
    <testsuite name="Hoyvoy\Tests\RouterTest" file="/Users/mario/Documents/webs/laravel-subdomain-localization/tests/RouterTest.php" tests="6" assertions="14" errors="0" failures="0" skipped="0" time="0.066278">
      <testcase name="testItReachesTranslatedRoutes" class="Hoyvoy\Tests\RouterTest" classname="Hoyvoy.Tests.RouterTest" file="/Users/mario/Documents/webs/laravel-subdomain-localization/tests/RouterTest.php" line="52" assertions="2" time="0.009921"/>
      <testcase name="testItReturnsARedirectUrl" class="Hoyvoy\Tests\RouterTest" classname="Hoyvoy.Tests.RouterTest" file="/Users/mario/Documents/webs/laravel-subdomain-localization/tests/RouterTest.php" line="66" assertions="2" time="0.008567"/>
      <testcase name="testItTranslatesTheCurrentRoute" class="Hoyvoy\Tests\RouterTest" classname="Hoyvoy.Tests.RouterTest" file="/Users/mario/Documents/webs/laravel-subdomain-localization/tests/RouterTest.php" line="82" assertions="2" time="0.015718"/>
      <testcase name="testItReturnsTranslatedVersionsOfTheCurrentRouteForAvailableLocales" class="Hoyvoy\Tests\RouterTest" classname="Hoyvoy.Tests.RouterTest" file="/Users/mario/Documents/webs/laravel-subdomain-localization/tests/RouterTest.php" line="101" assertions="2" time="0.016287"/>
      <testcase name="testItResolvesATranslatedRoutePath" class="Hoyvoy\Tests\RouterTest" classname="Hoyvoy.Tests.RouterTest" file="/Users/mario/Documents/webs/laravel-subdomain-localization/tests/RouterTest.php" line="122" assertions="2" time="0.006739"/>
      <testcase name="testItTranslatesARouteIntoAnUrl" class="Hoyvoy\Tests\RouterTest" classname="Hoyvoy.Tests.RouterTest" file="/Users/mario/Documents/webs/laravel-subdomain-localization/tests/RouterTest.php" line="138" assertions="4" time="0.009046"/>
    </testsuite>
  </testsuite>
</testsuites>
